<?xml version="1.0" encoding="UTF-8"?>
<testng-results ignored="0" total="4" passed="4" failed="0" skipped="0">
  <reporter-output>
  </reporter-output>
  <suite started-at="2023-04-07T17:18:17 EET" name="Surefire suite" finished-at="2023-04-07T17:18:56 EET" duration-ms="39233">
    <groups>
    </groups>
    <test started-at="2023-04-07T17:18:17 EET" name="Surefire test" finished-at="2023-04-07T17:18:56 EET" duration-ms="39233">
      <class name="allRequest.UserService">
        <test-method signature="GET_TC001_GetAllUsers()" started-at="2023-04-07T17:18:17 EET" name="GET_TC001_GetAllUsers" finished-at="2023-04-07T17:18:52 EET" duration-ms="35157" status="PASS">
          <reporter-output>
          </reporter-output>
        </test-method> <!-- GET_TC001_GetAllUsers -->
        <test-method signature="GET_TC001_GetAllUsers2()" started-at="2023-04-07T17:18:17 EET" name="GET_TC001_GetAllUsers2" finished-at="2023-04-07T17:18:56 EET" duration-ms="39019" status="PASS">
          <reporter-output>
          </reporter-output>
        </test-method> <!-- GET_TC001_GetAllUsers2 -->
      </class> <!-- allRequest.UserService -->
      <class name="allRequest.Test02">
        <test-method signature="test()" started-at="2023-04-07T17:18:17 EET" name="test" finished-at="2023-04-07T17:18:17 EET" duration-ms="1" status="PASS">
          <reporter-output>
          </reporter-output>
        </test-method> <!-- test -->
      </class> <!-- allRequest.Test02 -->
      <class name="allRequest.Test01">
        <test-method signature="test()" started-at="2023-04-07T17:18:17 EET" name="test" finished-at="2023-04-07T17:18:17 EET" duration-ms="18" status="PASS">
          <reporter-output>
          </reporter-output>
        </test-method> <!-- test -->
      </class> <!-- allRequest.Test01 -->
    </test> <!-- Surefire test -->
  </suite> <!-- Surefire suite -->
</testng-results>
