<?xml version="1.0" encoding="UTF-8"?>
<testng-results ignored="0" total="1" passed="1" failed="0" skipped="0">
  <reporter-output>
  </reporter-output>
  <suite started-at="2023-04-06T16:25:30 EET" name="Surefire suite" finished-at="2023-04-06T16:25:30 EET" duration-ms="100">
    <groups>
    </groups>
    <test started-at="2023-04-06T16:25:30 EET" name="Surefire test" finished-at="2023-04-06T16:25:30 EET" duration-ms="100">
      <class name="allRequest.ABC">
        <test-method signature="abc()" started-at="2023-04-06T16:25:30 EET" name="abc" finished-at="2023-04-06T16:25:30 EET" duration-ms="21" status="PASS">
          <reporter-output>
          </reporter-output>
        </test-method> <!-- abc -->
      </class> <!-- allRequest.ABC -->
    </test> <!-- Surefire test -->
  </suite> <!-- Surefire suite -->
</testng-results>
