<?xml version="1.0" encoding="UTF-8"?>
<!-- Generated by org.testng.reporters.JUnitXMLReporter -->
<testsuite ignored="0" hostname="DESKTOP-27FB63A" failures="0" tests="4" name="Surefire test" time="39.233" errors="0" timestamp="2023-04-07T17:18:56 EET">
  <testcase classname="allRequest.Test01" name="test on test(allRequest.Test01)" time="0.018"/>
  <testcase classname="allRequest.Test02" name="test on test(allRequest.Test02)" time="0.001"/>
  <testcase classname="allRequest.UserService" name="GET_TC001_GetAllUsers on GET_TC001_GetAllUsers(allRequest.UserService)" time="35.157"/>
  <testcase classname="allRequest.UserService" name="GET_TC001_GetAllUsers2 on GET_TC001_GetAllUsers2(allRequest.UserService)" time="39.019"/>
</testsuite> <!-- Surefire test -->
