<?xml version="1.0" encoding="UTF-8"?>
<!-- Generated by org.testng.reporters.JUnitXMLReporter -->
<testsuite ignored="0" hostname="DESKTOP-27FB63A" failures="0" tests="3" name="Surefire test" time="20.018" errors="0" timestamp="2023-04-07T02:05:22 EET">
  <testcase classname="allRequest.ABC" name="test on test(allRequest.ABC)" time="0.029"/>
  <testcase classname="allRequest.UserService" name="GET_TC001_GetAllUsers on GET_TC001_GetAllUsers(allRequest.UserService)" time="17.202"/>
  <testcase classname="allRequest.UserService" name="GET_TC001_GetAllUsers2 on GET_TC001_GetAllUsers2(allRequest.UserService)" time="19.798"/>
</testsuite> <!-- Surefire test -->
